# JRE version: OpenJDK Runtime Environment Temurin-21.0.9+10 (21.0.9+10) (build 21.0.9+10-LTS)
# Java VM: OpenJDK 64-Bit Server VM Temurin-21.0.9+10 (21.0.9+10-LTS, mixed mode, sharing, tiered, compressed oops, compressed class ptrs, parallel gc, windows-amd64)
GC Precious Log:
 CardTable entry size: 512
 CPUs: 6 total, 6 available
 Memory: 7579M
 Large Page Support: Disabled
 NUMA Support: Disabled
 Compressed Oops: Enabled (32-bit)
 Alignments: Space 512K, Generation 512K, Heap 2M
 Heap Min Capacity: 100M
 Heap Initial Capacity: 100M
 Heap Max Capacity: 2G
 Pre-touch: Disabled
 Parallel Workers: 6
Heap:
 PSYoungGen      total 4608K, used 4109K [0x00000000d5580000, 0x00000000d5c80000, 0x0000000100000000)
  eden space 3072K, 86% used [0x00000000d5580000,0x00000000d5817540,0x00000000d5880000)
  from space 1536K, 94% used [0x00000000d5900000,0x00000000d5a6c000,0x00000000d5a80000)
  to   space 2048K, 0% used [0x00000000d5a80000,0x00000000d5a80000,0x00000000d5c80000)
 ParOldGen       total 137728K, used 120463K [0x0000000080000000, 0x0000000088680000, 0x00000000d5580000)
  object space 137728K, 87% used [0x0000000080000000,0x00000000875a3fb8,0x0000000088680000)
 Metaspace       used 92241K, committed 93888K, reserved 1179648K
  class space    used 9116K, committed 9856K, reserved 1048576K
GC Heap History (20 events):
Event: 84078.276 GC heap before
{Heap before GC invocations=2184 (full 8):
 PSYoungGen      total 2560K, used 1997K [0x00000000d5580000, 0x00000000d5a00000, 0x0000000100000000)
  eden space 1024K, 99% used [0x00000000d5580000,0x00000000d567fff8,0x00000000d5680000)
  from space 1536K, 63% used [0x00000000d5680000,0x00000000d5773600,0x00000000d5800000)
  to   space 1536K, 0% used [0x00000000d5880000,0x00000000d5880000,0x00000000d5a00000)
 ParOldGen       total 137728K, used 108740K [0x0000000080000000, 0x0000000088680000, 0x00000000d5580000)
  object space 137728K, 78% used [0x0000000080000000,0x0000000086a313e8,0x0000000088680000)
 Metaspace       used 92235K, committed 93888K, reserved 1179648K
  class space    used 9116K, committed 9856K, reserved 1048576K
}
Event: 84078.295 GC heap after
{Heap after GC invocations=2184 (full 8):
 PSYoungGen      total 2048K, used 368K [0x00000000d5580000, 0x00000000d5900000, 0x0000000100000000)
  eden space 1536K, 0% used [0x00000000d5580000,0x00000000d5580000,0x00000000d5700000)
  from space 512K, 71% used [0x00000000d5880000,0x00000000d58dc010,0x00000000d5900000)
  to   space 1024K, 0% used [0x00000000d5700000,0x00000000d5700000,0x00000000d5800000)
 ParOldGen       total 137728K, used 110187K [0x0000000080000000, 0x0000000088680000, 0x00000000d5580000)
  object space 137728K, 80% used [0x0000000080000000,0x0000000086b9ade8,0x0000000088680000)
 Metaspace       used 92235K, committed 93888K, reserved 1179648K
  class space    used 9116K, committed 9856K, reserved 1048576K
}
Event: 84078.322 GC heap before
{Heap before GC invocations=2185 (full 8):
 PSYoungGen      total 2048K, used 1904K [0x00000000d5580000, 0x00000000d5900000, 0x0000000100000000)
  eden space 1536K, 100% used [0x00000000d5580000,0x00000000d5700000,0x00000000d5700000)
  from space 512K, 71% used [0x00000000d5880000,0x00000000d58dc010,0x00000000d5900000)
  to   space 1024K, 0% used [0x00000000d5700000,0x00000000d5700000,0x00000000d5800000)
 ParOldGen       total 137728K, used 110187K [0x0000000080000000, 0x0000000088680000, 0x00000000d5580000)
  object space 137728K, 80% used [0x0000000080000000,0x0000000086b9ade8,0x0000000088680000)
 Metaspace       used 92235K, committed 93888K, reserved 1179648K
  class space    used 9116K, committed 9856K, reserved 1048576K
}
Event: 84078.332 GC heap after
{Heap after GC invocations=2185 (full 8):
 PSYoungGen      total 2560K, used 736K [0x00000000d5580000, 0x00000000d5980000, 0x0000000100000000)
  eden space 1536K, 0% used [0x00000000d5580000,0x00000000d5580000,0x00000000d5700000)
  from space 1024K, 71% used [0x00000000d5700000,0x00000000d57b8000,0x00000000d5800000)
  to   space 1024K, 0% used [0x00000000d5880000,0x00000000d5880000,0x00000000d5980000)
 ParOldGen       total 137728K, used 110475K [0x0000000080000000, 0x0000000088680000, 0x00000000d5580000)
  object space 137728K, 80% used [0x0000000080000000,0x0000000086be2df8,0x0000000088680000)
 Metaspace       used 92235K, committed 93888K, reserved 1179648K
  class space    used 9116K, committed 9856K, reserved 1048576K
}
Event: 84078.353 GC heap before
{Heap before GC invocations=2186 (full 8):
 PSYoungGen      total 2560K, used 2271K [0x00000000d5580000, 0x00000000d5980000, 0x0000000100000000)
  eden space 1536K, 99% used [0x00000000d5580000,0x00000000d56fff78,0x00000000d5700000)
  from space 1024K, 71% used [0x00000000d5700000,0x00000000d57b8000,0x00000000d5800000)
  to   space 1024K, 0% used [0x00000000d5880000,0x00000000d5880000,0x00000000d5980000)
 ParOldGen       total 137728K, used 110475K [0x0000000080000000, 0x0000000088680000, 0x00000000d5580000)
  object space 137728K, 80% used [0x0000000080000000,0x0000000086be2df8,0x0000000088680000)
 Metaspace       used 92235K, committed 93888K, reserved 1179648K
  class space    used 9116K, committed 9856K, reserved 1048576K
}
Event: 84078.372 GC heap after
{Heap after GC invocations=2186 (full 8):
 PSYoungGen      total 3072K, used 384K [0x00000000d5580000, 0x00000000d5980000, 0x0000000100000000)
  eden space 2048K, 0% used [0x00000000d5580000,0x00000000d5580000,0x00000000d5780000)
  from space 1024K, 37% used [0x00000000d5880000,0x00000000d58e0000,0x00000000d5980000)
  to   space 1024K, 0% used [0x00000000d5780000,0x00000000d5780000,0x00000000d5880000)
 ParOldGen       total 137728K, used 111131K [0x0000000080000000, 0x0000000088680000, 0x00000000d5580000)
  object space 137728K, 80% used [0x0000000080000000,0x0000000086c86df8,0x0000000088680000)
 Metaspace       used 92235K, committed 93888K, reserved 1179648K
  class space    used 9116K, committed 9856K, reserved 1048576K
}
Event: 84078.400 GC heap before
{Heap before GC invocations=2187 (full 8):
 PSYoungGen      total 3072K, used 2432K [0x00000000d5580000, 0x00000000d5980000, 0x0000000100000000)
  eden space 2048K, 100% used [0x00000000d5580000,0x00000000d5780000,0x00000000d5780000)
  from space 1024K, 37% used [0x00000000d5880000,0x00000000d58e0000,0x00000000d5980000)
  to   space 1024K, 0% used [0x00000000d5780000,0x00000000d5780000,0x00000000d5880000)
 ParOldGen       total 137728K, used 111131K [0x0000000080000000, 0x0000000088680000, 0x00000000d5580000)
  object space 137728K, 80% used [0x0000000080000000,0x0000000086c86df8,0x0000000088680000)
 Metaspace       used 92235K, committed 93888K, reserved 1179648K
  class space    used 9116K, committed 9856K, reserved 1048576K
}
Event: 84078.410 GC heap after
{Heap after GC invocations=2187 (full 8):
 PSYoungGen      total 3072K, used 596K [0x00000000d5580000, 0x00000000d5a00000, 0x0000000100000000)
  eden space 2048K, 0% used [0x00000000d5580000,0x00000000d5580000,0x00000000d5780000)
  from space 1024K, 58% used [0x00000000d5780000,0x00000000d5815200,0x00000000d5880000)
  to   space 1024K, 0% used [0x00000000d5900000,0x00000000d5900000,0x00000000d5a00000)
 ParOldGen       total 137728K, used 111475K [0x0000000080000000, 0x0000000088680000, 0x00000000d5580000)
  object space 137728K, 80% used [0x0000000080000000,0x0000000086cdcdf8,0x0000000088680000)
 Metaspace       used 92235K, committed 93888K, reserved 1179648K
  class space    used 9116K, committed 9856K, reserved 1048576K
}
Event: 84078.447 GC heap before
{Heap before GC invocations=2188 (full 8):
 PSYoungGen      total 3072K, used 2405K [0x00000000d5580000, 0x00000000d5a00000, 0x0000000100000000)
  eden space 2048K, 88% used [0x00000000d5580000,0x00000000d5744520,0x00000000d5780000)
  from space 1024K, 58% used [0x00000000d5780000,0x00000000d5815200,0x00000000d5880000)
  to   space 1024K, 0% used [0x00000000d5900000,0x00000000d5900000,0x00000000d5a00000)
 ParOldGen       total 137728K, used 111475K [0x0000000080000000, 0x0000000088680000, 0x00000000d5580000)
  object space 137728K, 80% used [0x0000000080000000,0x0000000086cdcdf8,0x0000000088680000)
 Metaspace       used 92235K, committed 93888K, reserved 1179648K
  class space    used 9116K, committed 9856K, reserved 1048576K
}
Event: 84078.449 GC heap after
{Heap after GC invocations=2188 (full 8):
 PSYoungGen      total 3072K, used 96K [0x00000000d5580000, 0x00000000d5980000, 0x0000000100000000)
  eden space 2560K, 0% used [0x00000000d5580000,0x00000000d5580000,0x00000000d5800000)
  from space 512K, 18% used [0x00000000d5900000,0x00000000d5918000,0x00000000d5980000)
  to   space 512K, 0% used [0x00000000d5880000,0x00000000d5880000,0x00000000d5900000)
 ParOldGen       total 137728K, used 111659K [0x0000000080000000, 0x0000000088680000, 0x00000000d5580000)
  object space 137728K, 81% used [0x0000000080000000,0x0000000086d0adf8,0x0000000088680000)
 Metaspace       used 92235K, committed 93888K, reserved 1179648K
  class space    used 9116K, committed 9856K, reserved 1048576K
}
Event: 84078.462 GC heap before
{Heap before GC invocations=2189 (full 8):
 PSYoungGen      total 3072K, used 2656K [0x00000000d5580000, 0x00000000d5980000, 0x0000000100000000)
  eden space 2560K, 100% used [0x00000000d5580000,0x00000000d5800000,0x00000000d5800000)
  from space 512K, 18% used [0x00000000d5900000,0x00000000d5918000,0x00000000d5980000)
  to   space 512K, 0% used [0x00000000d5880000,0x00000000d5880000,0x00000000d5900000)
 ParOldGen       total 137728K, used 111659K [0x0000000080000000, 0x0000000088680000, 0x00000000d5580000)
  object space 137728K, 81% used [0x0000000080000000,0x0000000086d0adf8,0x0000000088680000)
 Metaspace       used 92235K, committed 93888K, reserved 1179648K
  class space    used 9116K, committed 9856K, reserved 1048576K
}
Event: 84078.469 GC heap after
{Heap after GC invocations=2189 (full 8):
 PSYoungGen      total 3584K, used 498K [0x00000000d5580000, 0x00000000d5e80000, 0x0000000100000000)
  eden space 3072K, 0% used [0x00000000d5580000,0x00000000d5580000,0x00000000d5880000)
  from space 512K, 97% used [0x00000000d5880000,0x00000000d58fc8e0,0x00000000d5900000)
  to   space 3072K, 0% used [0x00000000d5b80000,0x00000000d5b80000,0x00000000d5e80000)
 ParOldGen       total 137728K, used 113677K [0x0000000080000000, 0x0000000088680000, 0x00000000d5580000)
  object space 137728K, 82% used [0x0000000080000000,0x0000000086f036d8,0x0000000088680000)
 Metaspace       used 92235K, committed 93888K, reserved 1179648K
  class space    used 9116K, committed 9856K, reserved 1048576K
}
Event: 84078.477 GC heap before
{Heap before GC invocations=2190 (full 8):
 PSYoungGen      total 3584K, used 3570K [0x00000000d5580000, 0x00000000d5e80000, 0x0000000100000000)
  eden space 3072K, 100% used [0x00000000d5580000,0x00000000d5880000,0x00000000d5880000)
  from space 512K, 97% used [0x00000000d5880000,0x00000000d58fc8e0,0x00000000d5900000)
  to   space 3072K, 0% used [0x00000000d5b80000,0x00000000d5b80000,0x00000000d5e80000)
 ParOldGen       total 137728K, used 113677K [0x0000000080000000, 0x0000000088680000, 0x00000000d5580000)
  object space 137728K, 82% used [0x0000000080000000,0x0000000086f036d8,0x0000000088680000)
 Metaspace       used 92235K, committed 93888K, reserved 1179648K
  class space    used 9116K, committed 9856K, reserved 1048576K
}
Event: 84078.482 GC heap after
{Heap after GC invocations=2190 (full 8):
 PSYoungGen      total 5120K, used 3072K [0x00000000d5580000, 0x00000000d6180000, 0x0000000100000000)
  eden space 2048K, 0% used [0x00000000d5580000,0x00000000d5580000,0x00000000d5780000)
  from space 3072K, 100% used [0x00000000d5b80000,0x00000000d5e80000,0x00000000d5e80000)
  to   space 4096K, 0% used [0x00000000d5780000,0x00000000d5780000,0x00000000d5b80000)
 ParOldGen       total 137728K, used 114215K [0x0000000080000000, 0x0000000088680000, 0x00000000d5580000)
  object space 137728K, 82% used [0x0000000080000000,0x0000000086f89fb8,0x0000000088680000)
 Metaspace       used 92235K, committed 93888K, reserved 1179648K
  class space    used 9116K, committed 9856K, reserved 1048576K
}
Event: 84078.486 GC heap before
{Heap before GC invocations=2191 (full 8):
 PSYoungGen      total 5120K, used 5120K [0x00000000d5580000, 0x00000000d6180000, 0x0000000100000000)
  eden space 2048K, 100% used [0x00000000d5580000,0x00000000d5780000,0x00000000d5780000)
  from space 3072K, 100% used [0x00000000d5b80000,0x00000000d5e80000,0x00000000d5e80000)
  to   space 4096K, 0% used [0x00000000d5780000,0x00000000d5780000,0x00000000d5b80000)
 ParOldGen       total 137728K, used 114215K [0x0000000080000000, 0x0000000088680000, 0x00000000d5580000)
  object space 137728K, 82% used [0x0000000080000000,0x0000000086f89fb8,0x0000000088680000)
 Metaspace       used 92235K, committed 93888K, reserved 1179648K
  class space    used 9116K, committed 9856K, reserved 1048576K
}
Event: 84078.491 GC heap after
{Heap after GC invocations=2191 (full 8):
 PSYoungGen      total 4608K, used 2112K [0x00000000d5580000, 0x00000000d5e00000, 0x0000000100000000)
  eden space 2048K, 0% used [0x00000000d5580000,0x00000000d5580000,0x00000000d5780000)
  from space 2560K, 82% used [0x00000000d5780000,0x00000000d5990000,0x00000000d5a00000)
  to   space 3072K, 0% used [0x00000000d5b00000,0x00000000d5b00000,0x00000000d5e00000)
 ParOldGen       total 137728K, used 117271K [0x0000000080000000, 0x0000000088680000, 0x00000000d5580000)
  object space 137728K, 85% used [0x0000000080000000,0x0000000087285fb8,0x0000000088680000)
 Metaspace       used 92235K, committed 93888K, reserved 1179648K
  class space    used 9116K, committed 9856K, reserved 1048576K
}
Event: 84078.500 GC heap before
{Heap before GC invocations=2192 (full 8):
 PSYoungGen      total 4608K, used 4076K [0x00000000d5580000, 0x00000000d5e00000, 0x0000000100000000)
  eden space 2048K, 95% used [0x00000000d5580000,0x00000000d576b088,0x00000000d5780000)
  from space 2560K, 82% used [0x00000000d5780000,0x00000000d5990000,0x00000000d5a00000)
  to   space 3072K, 0% used [0x00000000d5b00000,0x00000000d5b00000,0x00000000d5e00000)
 ParOldGen       total 137728K, used 117271K [0x0000000080000000, 0x0000000088680000, 0x00000000d5580000)
  object space 137728K, 85% used [0x0000000080000000,0x0000000087285fb8,0x0000000088680000)
 Metaspace       used 92235K, committed 93888K, reserved 1179648K
  class space    used 9116K, committed 9856K, reserved 1048576K
}
Event: 84078.503 GC heap after
{Heap after GC invocations=2192 (full 8):
 PSYoungGen      total 4608K, used 1608K [0x00000000d5580000, 0x00000000d5d00000, 0x0000000100000000)
  eden space 2560K, 0% used [0x00000000d5580000,0x00000000d5580000,0x00000000d5800000)
  from space 2048K, 78% used [0x00000000d5b00000,0x00000000d5c92000,0x00000000d5d00000)
  to   space 2048K, 0% used [0x00000000d5900000,0x00000000d5900000,0x00000000d5b00000)
 ParOldGen       total 137728K, used 119311K [0x0000000080000000, 0x0000000088680000, 0x00000000d5580000)
  object space 137728K, 86% used [0x0000000080000000,0x0000000087483fb8,0x0000000088680000)
 Metaspace       used 92235K, committed 93888K, reserved 1179648K
  class space    used 9116K, committed 9856K, reserved 1048576K
}
Event: 84078.564 GC heap before
{Heap before GC invocations=2193 (full 8):
 PSYoungGen      total 4608K, used 4167K [0x00000000d5580000, 0x00000000d5d00000, 0x0000000100000000)
  eden space 2560K, 99% used [0x00000000d5580000,0x00000000d57ffff8,0x00000000d5800000)
  from space 2048K, 78% used [0x00000000d5b00000,0x00000000d5c92000,0x00000000d5d00000)
  to   space 2048K, 0% used [0x00000000d5900000,0x00000000d5900000,0x00000000d5b00000)
 ParOldGen       total 137728K, used 119311K [0x0000000080000000, 0x0000000088680000, 0x00000000d5580000)
  object space 137728K, 86% used [0x0000000080000000,0x0000000087483fb8,0x0000000088680000)
 Metaspace       used 92235K, committed 93888K, reserved 1179648K
  class space    used 9116K, committed 9856K, reserved 1048576K
}
Event: 84078.567 GC heap after
{Heap after GC invocations=2193 (full 8):
 PSYoungGen      total 4608K, used 1456K [0x00000000d5580000, 0x00000000d5c80000, 0x0000000100000000)
  eden space 3072K, 0% used [0x00000000d5580000,0x00000000d5580000,0x00000000d5880000)
  from space 1536K, 94% used [0x00000000d5900000,0x00000000d5a6c000,0x00000000d5a80000)
  to   space 2048K, 0% used [0x00000000d5a80000,0x00000000d5a80000,0x00000000d5c80000)
 ParOldGen       total 137728K, used 120463K [0x0000000080000000, 0x0000000088680000, 0x00000000d5580000)
  object space 137728K, 87% used [0x0000000080000000,0x00000000875a3fb8,0x0000000088680000)
 Metaspace       used 92235K, committed 93888K, reserved 1179648K
  class space    used 9116K, committed 9856K, reserved 1048576K
}

